[0m15:32:57.741331 [debug] [MainThread]: Sending event: {'category': 'dbt', 'action': 'invocation', 'label': 'start', 'context': [<snowplow_tracker.self_describing_json.SelfDescribingJson object at 0x000001752432CEC0>, <snowplow_tracker.self_describing_json.SelfDescribingJson object at 0x0000017524D896D0>, <snowplow_tracker.self_describing_json.SelfDescribingJson object at 0x0000017526457ED0>]}


============================== 15:32:57.812862 | 42e92869-f4a0-4127-a451-27313992a8f2 ==============================
[0m15:32:57.812862 [info ] [MainThread]: Running with dbt=1.11.8
[0m15:32:57.814613 [debug] [MainThread]: running dbt with arguments {'version_check': 'True', 'no_print': 'None', 'static_parser': 'True', 'target_path': 'None', 'warn_error_options': 'WarnErrorOptionsV2(error=[], warn=[], silence=[])', 'printer_width': '80', 'write_json': 'True', 'empty': 'None', 'log_cache_events': 'False', 'introspect': 'True', 'cache_selected_only': 'False', 'fail_fast': 'False', 'debug': 'False', 'log_format': 'default', 'profiles_dir': 'C:\\Users\\SREENU\\.dbt', 'send_anonymous_usage_stats': 'True', 'quiet': 'False', 'warn_error': 'None', 'partial_parse': 'True', 'use_colors': 'True', 'invocation_command': 'dbt init', 'indirect_selection': 'eager', 'use_experimental_parser': 'False', 'log_path': 'logs'}
[0m15:33:06.653605 [debug] [MainThread]: Starter project path: E:\dbt_snowflake\venv\Lib\site-packages\dbt\include\starter_project
[0m15:33:06.720897 [info ] [MainThread]: 
Your new dbt project "dbtsnowflake" was created!

For more information on how to configure the profiles.yml file,
please consult the dbt documentation here:

  https://docs.getdbt.com/docs/configure-your-profile

One more thing:

Need help? Don't hesitate to reach out to us via GitHub issues or on Slack:

  https://community.getdbt.com/

Happy modeling!

[0m15:33:06.743367 [info ] [MainThread]: Setting up your profile.
[0m15:33:16.523467 [debug] [MainThread]: Snowflake adapter: Setting snowflake.connector to ERROR (file logging only)
[0m15:33:16.525022 [debug] [MainThread]: Snowflake adapter: Setting botocore to ERROR (file logging only)
[0m15:33:16.526365 [debug] [MainThread]: Snowflake adapter: Setting boto3 to ERROR (file logging only)
[0m15:35:16.388840 [info ] [MainThread]: Profile dbtsnowflake written to C:\Users\SREENU\.dbt\profiles.yml using target's profile_template.yml and your supplied values. Run 'dbt debug' to validate the connection.
[0m15:35:16.393209 [debug] [MainThread]: Command `dbt init` succeeded at 15:35:16.392715 after 138.97 seconds
[0m15:35:16.394706 [debug] [MainThread]: Sending event: {'category': 'dbt', 'action': 'invocation', 'label': 'end', 'context': [<snowplow_tracker.self_describing_json.SelfDescribingJson object at 0x0000017527641E00>, <snowplow_tracker.self_describing_json.SelfDescribingJson object at 0x0000017526546330>, <snowplow_tracker.self_describing_json.SelfDescribingJson object at 0x000001752763D040>]}
[0m15:35:16.396190 [debug] [MainThread]: Flushing usage events
[0m15:35:20.542251 [debug] [MainThread]: An error was encountered while trying to flush usage events
[0m15:35:53.175811 [debug] [MainThread]: Sending event: {'category': 'dbt', 'action': 'invocation', 'label': 'start', 'context': [<snowplow_tracker.self_describing_json.SelfDescribingJson object at 0x00000269562B4EC0>, <snowplow_tracker.self_describing_json.SelfDescribingJson object at 0x0000026956D116D0>, <snowplow_tracker.self_describing_json.SelfDescribingJson object at 0x00000269583DBD90>]}


============================== 15:35:53.292081 | c3a7f27b-99b4-4b39-81fb-fb25817fa02c ==============================
[0m15:35:53.292081 [info ] [MainThread]: Running with dbt=1.11.8
[0m15:35:53.293870 [debug] [MainThread]: running dbt with arguments {'static_parser': 'True', 'no_print': 'None', 'version_check': 'True', 'target_path': 'None', 'warn_error_options': 'WarnErrorOptionsV2(error=[], warn=[], silence=[])', 'printer_width': '80', 'write_json': 'True', 'empty': 'None', 'log_cache_events': 'False', 'introspect': 'True', 'cache_selected_only': 'False', 'log_format': 'default', 'debug': 'False', 'fail_fast': 'False', 'profiles_dir': 'C:\\Users\\SREENU\\.dbt', 'send_anonymous_usage_stats': 'True', 'quiet': 'False', 'warn_error': 'None', 'partial_parse': 'True', 'invocation_command': 'dbt debug', 'use_colors': 'True', 'indirect_selection': 'eager', 'use_experimental_parser': 'False', 'log_path': 'logs'}
[0m15:35:53.660139 [info ] [MainThread]: dbt version: 1.11.8
[0m15:35:53.661597 [info ] [MainThread]: python version: 3.13.0
[0m15:35:53.662745 [info ] [MainThread]: python path: E:\dbt_snowflake\venv\Scripts\python.exe
[0m15:35:53.663711 [info ] [MainThread]: os info: Windows-10-10.0.19045-SP0
[0m15:35:53.678984 [info ] [MainThread]: Error importing adapter: No module named 'dbt.adapters.mysql'
[0m15:35:56.116088 [debug] [MainThread]: Snowflake adapter: Setting snowflake.connector to ERROR (file logging only)
[0m15:35:56.117094 [debug] [MainThread]: Snowflake adapter: Setting botocore to ERROR (file logging only)
[0m15:35:56.117820 [debug] [MainThread]: Snowflake adapter: Setting boto3 to ERROR (file logging only)
[0m15:35:56.302118 [info ] [MainThread]: Using profiles dir at C:\Users\SREENU\.dbt
[0m15:35:56.303490 [info ] [MainThread]: Using profiles.yml file at C:\Users\SREENU\.dbt\profiles.yml
[0m15:35:56.304737 [info ] [MainThread]: Using dbt_project.yml file at E:\dbt_snowflake\dbt_project.yml
[0m15:35:56.305872 [info ] [MainThread]: Configuration:
[0m15:35:56.306869 [info ] [MainThread]:   profiles.yml file [[31mERROR invalid[0m]
[0m15:35:56.308091 [info ] [MainThread]:   dbt_project.yml file [[31mERROR not found[0m]
[0m15:35:56.309543 [info ] [MainThread]: Required dependencies:
[0m15:35:56.310865 [debug] [MainThread]: Executing "git --help"
[0m15:35:56.947821 [debug] [MainThread]: STDOUT: "b"usage: git [-v | --version] [-h | --help] [-C <path>] [-c <name>=<value>]\n           [--exec-path[=<path>]] [--html-path] [--man-path] [--info-path]\n           [-p | --paginate | -P | --no-pager] [--no-replace-objects] [--no-lazy-fetch]\n           [--no-optional-locks] [--no-advice] [--bare] [--git-dir=<path>]\n           [--work-tree=<path>] [--namespace=<name>] [--config-env=<name>=<envvar>]\n           <command> [<args>]\n\nThese are common Git commands used in various situations:\n\nstart a working area (see also: git help tutorial)\n   clone      Clone a repository into a new directory\n   init       Create an empty Git repository or reinitialize an existing one\n\nwork on the current change (see also: git help everyday)\n   add        Add file contents to the index\n   mv         Move or rename a file, a directory, or a symlink\n   restore    Restore working tree files\n   rm         Remove files from the working tree and from the index\n\nexamine the history and state (see also: git help revisions)\n   bisect     Use binary search to find the commit that introduced a bug\n   diff       Show changes between commits, commit and working tree, etc\n   grep       Print lines matching a pattern\n   log        Show commit logs\n   show       Show various types of objects\n   status     Show the working tree status\n\ngrow, mark and tweak your common history\n   backfill   Download missing objects in a partial clone\n   branch     List, create, or delete branches\n   commit     Record changes to the repository\n   merge      Join two or more development histories together\n   rebase     Reapply commits on top of another base tip\n   reset      Reset current HEAD to the specified state\n   switch     Switch branches\n   tag        Create, list, delete or verify a tag object signed with GPG\n\ncollaborate (see also: git help workflows)\n   fetch      Download objects and refs from another repository\n   pull       Fetch from and integrate with another repository or a local branch\n   push       Update remote refs along with associated objects\n\n'git help -a' and 'git help -g' list available subcommands and some\nconcept guides. See 'git help <command>' or 'git help <concept>'\nto read about a specific subcommand or concept.\nSee 'git help git' for an overview of the system.\n""
[0m15:35:56.949700 [debug] [MainThread]: STDERR: "b''"
[0m15:35:56.950553 [info ] [MainThread]:  - git [[32mOK found[0m]

[0m15:35:56.951967 [info ] [MainThread]: Connection test skipped since no profile was found
[0m15:35:56.953536 [info ] [MainThread]: [31m2 checks failed:[0m
[0m15:35:56.955024 [info ] [MainThread]: Could not load dbt_project.yml
Profile loading failed for the following reason:
Runtime Error
  Credentials in profile "dbt_project", target "dev" invalid: Runtime Error
    Could not find adapter type mysql!


[0m15:35:56.956448 [info ] [MainThread]: Project loading failed for the following reason:
 project path <E:\dbt_snowflake\dbt_project.yml> not found

[0m15:35:56.959934 [debug] [MainThread]: Command `dbt debug` failed at 15:35:56.959419 after 4.77 seconds
[0m15:35:56.962385 [debug] [MainThread]: Sending event: {'category': 'dbt', 'action': 'invocation', 'label': 'end', 'context': [<snowplow_tracker.self_describing_json.SelfDescribingJson object at 0x000002695965B6F0>, <snowplow_tracker.self_describing_json.SelfDescribingJson object at 0x00000269596D0950>, <snowplow_tracker.self_describing_json.SelfDescribingJson object at 0x0000026959641260>]}
[0m15:35:56.964243 [debug] [MainThread]: Flushing usage events
[0m15:35:58.723179 [debug] [MainThread]: An error was encountered while trying to flush usage events
